2020-01-14 12:23:25,262 INFO: deleting namespaced cutome object ......................: 206 in delete_custom_resource_object]
2020-01-14 12:23:25,317 INFO: custom resource object deleted successfully: 216 in delete_custom_resource_object]
2020-01-14 12:23:25,319 INFO: deleting service account....................: 218 in delete_custom_resource_object]
2020-01-14 12:23:25,345 INFO: deleting service account.......: 143 in service_account_delete]
2020-01-14 12:23:25,404 INFO: service account deleted successfully: 146 in service_account_delete]
2020-01-14 12:23:25,407 INFO: service account successfully deleted: 220 in delete_custom_resource_object]
2020-01-14 12:23:25,507 INFO: namespaced rolebinding deleted successfully: 87 in delete_namespaced_rolebinding]
2020-01-14 12:23:25,539 INFO: namespaced rolebinding deleted successfully: 223 in delete_custom_resource_object]
2020-01-14 12:23:26,679 INFO: deleting namespaced cutome object ......................: 206 in delete_custom_resource_object]
2020-01-14 12:23:26,709 ERROR: Exception when calling CustomObjectsApi->delete_namespaced_custom_object: (404)
Reason: Not Found
HTTP response headers: HTTPHeaderDict({'Content-Type': 'application/json', 'Date': 'Tue, 14 Jan 2020 06:53:26 GMT', 'Content-Length': '254'})
HTTP response body: {"kind":"Status","apiVersion":"v1","metadata":{},"status":"Failure","message":"clusters.cassandra.rook.io \"rook-cassandra15\" not found","reason":"NotFound","details":{"name":"rook-cassandra15","group":"cassandra.rook.io","kind":"clusters"},"code":404}


: 228 in delete_custom_resource_object]
2020-01-14 12:23:28,020 INFO: deleting namespaced cutome object ......................: 206 in delete_custom_resource_object]
2020-01-14 12:23:28,073 INFO: custom resource object deleted successfully: 216 in delete_custom_resource_object]
2020-01-14 12:23:28,075 INFO: deleting service account....................: 218 in delete_custom_resource_object]
2020-01-14 12:23:28,092 INFO: deleting service account.......: 143 in service_account_delete]
2020-01-14 12:23:28,279 INFO: service account deleted successfully: 146 in service_account_delete]
2020-01-14 12:23:28,282 INFO: service account successfully deleted: 220 in delete_custom_resource_object]
2020-01-14 12:23:28,344 INFO: namespaced rolebinding deleted successfully: 87 in delete_namespaced_rolebinding]
2020-01-14 12:30:33,070 INFO: creating role: 28 in create_namespaced_role]
2020-01-14 12:30:33,072 INFO: creating role .........: 34 in create_namespaced_role]
2020-01-14 12:30:33,143 ERROR: Failed to create namespaced role
 (409)
Reason: Conflict
HTTP response headers: HTTPHeaderDict({'Content-Type': 'application/json', 'Date': 'Tue, 14 Jan 2020 07:00:33 GMT', 'Content-Length': '288'})
HTTP response body: {"kind":"Status","apiVersion":"v1","metadata":{},"status":"Failure","message":"roles.rbac.authorization.k8s.io \"rook-cassandra15-member\" already exists","reason":"AlreadyExists","details":{"name":"rook-cassandra15-member","group":"rbac.authorization.k8s.io","kind":"roles"},"code":409}

 : 40 in create_namespaced_role]
2020-01-14 12:30:33,181 INFO: creating service account.............: 107 in create_namespaced_service_account]
2020-01-14 12:30:33,212 INFO: service account created successfully rook-cassandra: 110 in create_namespaced_service_account]
2020-01-14 12:30:33,233 INFO: create namespaced rolebinding......: 58 in create_namespaced_rolebinding]
2020-01-14 12:30:33,284 INFO: rolebinding created successfully: 61 in create_namespaced_rolebinding]
2020-01-14 12:32:55,278 INFO: deleting namespaced cutome object ......................: 206 in delete_custom_resource_object]
2020-01-14 12:32:55,319 INFO: custom resource object deleted successfully: 216 in delete_custom_resource_object]
2020-01-14 12:32:55,320 INFO: deleting service account....................: 218 in delete_custom_resource_object]
2020-01-14 12:32:55,338 INFO: deleting service account.......: 143 in service_account_delete]
2020-01-14 12:32:55,389 INFO: service account deleted successfully: 146 in service_account_delete]
2020-01-14 12:32:55,392 INFO: service account successfully deleted: 220 in delete_custom_resource_object]
2020-01-14 12:32:55,477 INFO: namespaced rolebinding deleted successfully: 87 in delete_namespaced_rolebinding]
2020-01-14 12:32:55,492 INFO: namespaced rolebinding deleted successfully: 223 in delete_custom_resource_object]
2020-01-14 12:32:56,857 INFO: deleting namespaced cutome object ......................: 206 in delete_custom_resource_object]
2020-01-14 12:32:56,898 ERROR: Exception when calling CustomObjectsApi->delete_namespaced_custom_object: (404)
Reason: Not Found
HTTP response headers: HTTPHeaderDict({'Content-Type': 'application/json', 'Date': 'Tue, 14 Jan 2020 07:02:56 GMT', 'Content-Length': '254'})
HTTP response body: {"kind":"Status","apiVersion":"v1","metadata":{},"status":"Failure","message":"clusters.cassandra.rook.io \"rook-cassandra15\" not found","reason":"NotFound","details":{"name":"rook-cassandra15","group":"cassandra.rook.io","kind":"clusters"},"code":404}


: 228 in delete_custom_resource_object]
